<?xml version="1.0" encoding="UTF-8"?>
<!-- Generated by org.testng.reporters.JUnitReportReporter -->
<testsuite skipped="0" hostname="DESKTOP-TH3PIIH" name="automationFrameWork.NewTest" tests="2" failures="0" timestamp="01 Aug 2023 12:59:31 GMT" time="29.578" errors="0">
  <testcase name="isLogoDisplayed" time="11.578" classname="automationFrameWork.NewTest"/>
  <testcase name="signIn" time="18.000" classname="automationFrameWork.NewTest"/>
</testsuite> <!-- automationFrameWork.NewTest -->
